INFO	2021-08-04 15:07:28,081	0	com.autodesk.testinghub.core.utils.Util	[main]	*** 4 Aug, 2021 3:07:28 PM IST *** INFO: Missing the configuration.yml under Configuration folder. Hence reading testconfiguration from system variable
INFO	2021-08-04 15:07:28,082	1	com.autodesk.testinghub.core.utils.Util	[main]	*** 4 Aug, 2021 3:07:28 PM IST *** INFO: Browser value is missing in configuration.yml or system variable. Default brower is "chrome"
INFO	2021-08-04 15:07:28,082	1	com.autodesk.testinghub.core.utils.Util	[main]	*** 4 Aug, 2021 3:07:28 PM IST *** INFO: package value is missing in configuration.yml or system variable. 
INFO	2021-08-04 15:07:28,092	11	com.autodesk.testinghub.core.common.listeners.TestingHubAPIClient	[main]	inserting data....in testinghub
INFO	2021-08-04 15:07:28,096	15	com.autodesk.testinghub.core.common.listeners.TestingHubAPIClient	[main]	{"data":[],"validations":[],"message":"Unhandled error occured. Contact Testinghub Team","transactionid":"3fbae865-07fc-4b3b-b062-449135159994","status":"failed"}
INFO	2021-08-04 15:08:00,772	0	com.autodesk.testinghub.core.utils.Util	[main]	*** 4 Aug, 2021 3:08:00 PM IST *** INFO: Missing the configuration.yml under Configuration folder. Hence reading testconfiguration from system variable
INFO	2021-08-04 15:08:00,772	0	com.autodesk.testinghub.core.utils.Util	[main]	*** 4 Aug, 2021 3:08:00 PM IST *** INFO: Browser value is missing in configuration.yml or system variable. Default brower is "chrome"
INFO	2021-08-04 15:08:00,772	0	com.autodesk.testinghub.core.utils.Util	[main]	*** 4 Aug, 2021 3:08:00 PM IST *** INFO: package value is missing in configuration.yml or system variable. 
INFO	2021-08-04 15:08:01,155	383	com.autodesk.testinghub.core.common.EISTestBase	[main]	Mac Platform 
INFO	2021-08-04 15:08:01,155	383	com.autodesk.testinghub.core.common.EISTestBase	[main]	The user dir : /Users/santoshkumarjalagari/ece-ee-automation/ece
INFO	2021-08-04 15:08:08,567	7795	com.autodesk.testinghub.core.common.EISTestBase	[main]	*** 4 Aug, 2021 3:08:08 PM IST *** INFO: Asserting: 
INFO	2021-08-04 15:08:08,567	7795	com.autodesk.testinghub.core.common.EISTestBase	[main]	*** 4 Aug, 2021 3:08:08 PM IST *** ERROR: Fail: Framework setup of Testmanifest/Pagemanifest failed
INFO	2021-08-04 15:09:06,059	0	com.autodesk.testinghub.core.utils.Util	[main]	*** 4 Aug, 2021 3:09:06 PM IST *** INFO: Missing the configuration.yml under Configuration folder. Hence reading testconfiguration from system variable
INFO	2021-08-04 15:09:06,059	0	com.autodesk.testinghub.core.utils.Util	[main]	*** 4 Aug, 2021 3:09:06 PM IST *** INFO: Browser value is missing in configuration.yml or system variable. Default brower is "chrome"
INFO	2021-08-04 15:09:06,060	1	com.autodesk.testinghub.core.utils.Util	[main]	*** 4 Aug, 2021 3:09:06 PM IST *** INFO: package value is missing in configuration.yml or system variable. 
INFO	2021-08-04 15:09:06,426	367	com.autodesk.testinghub.core.common.EISTestBase	[main]	Mac Platform 
INFO	2021-08-04 15:09:06,426	367	com.autodesk.testinghub.core.common.EISTestBase	[main]	The user dir : /Users/santoshkumarjalagari/ece-ee-automation/ece
INFO	2021-08-04 15:09:13,452	7393	com.autodesk.testinghub.core.common.EISTestBase	[main]	

TEST FAILED! Reason:  
INFO	2021-08-04 15:09:13,452	7393	com.autodesk.testinghub.core.common.EISTestBase	[main]		Error while opening properties file: the value returned from the manifest using the file name key 'WINDOW_MAIN_PROPERTIES_FILE' refers to the invalid path '/Users/santoshkumarjalagari/ece-ee-automation/ece/target//Window_Main.properties'


INFO	2021-08-04 15:09:13,454	7395	com.autodesk.testinghub.core.common.EISTestBase	[main]	*** 4 Aug, 2021 3:09:13 PM IST *** INFO: Asserting: 
INFO	2021-08-04 15:09:13,454	7395	com.autodesk.testinghub.core.common.EISTestBase	[main]	*** 4 Aug, 2021 3:09:13 PM IST *** ERROR: Fail: Error while opening properties file: the value returned from the manifest using the file name key 'WINDOW_MAIN_PROPERTIES_FILE' refers to the invalid path '/Users/santoshkumarjalagari/ece-ee-automation/ece/target//Window_Main.properties'
INFO	2021-08-04 15:10:19,100	0	com.autodesk.testinghub.core.utils.Util	[main]	*** 4 Aug, 2021 3:10:19 PM IST *** INFO: Missing the configuration.yml under Configuration folder. Hence reading testconfiguration from system variable
INFO	2021-08-04 15:10:19,100	0	com.autodesk.testinghub.core.utils.Util	[main]	*** 4 Aug, 2021 3:10:19 PM IST *** INFO: Browser value is missing in configuration.yml or system variable. Default brower is "chrome"
INFO	2021-08-04 15:10:19,100	0	com.autodesk.testinghub.core.utils.Util	[main]	*** 4 Aug, 2021 3:10:19 PM IST *** INFO: package value is missing in configuration.yml or system variable. 
INFO	2021-08-04 15:10:19,462	362	com.autodesk.testinghub.core.common.EISTestBase	[main]	Mac Platform 
INFO	2021-08-04 15:10:19,462	362	com.autodesk.testinghub.core.common.EISTestBase	[main]	The user dir : /Users/santoshkumarjalagari/ece-ee-automation/ece
INFO	2021-08-04 15:10:33,751	14651	com.autodesk.testinghub.core.common.tools.desktop.GUI	[main]	*** 4 Aug, 2021 3:10:33 PM IST *** INFO: Tibco connection set up successful. from core
INFO	2021-08-04 15:10:33,776	14676	com.autodesk.testinghub.core.common.tools.desktop.GUI	[main]	*** 4 Aug, 2021 3:10:33 PM IST *** INFO: SFDCTestBase from core
INFO	2021-08-04 15:10:33,810	14710	com.autodesk.testinghub.core.common.tools.desktop.GUI	[main]	*** 4 Aug, 2021 3:10:33 PM IST *** INFO: Asserting: 
INFO	2021-08-04 15:10:33,810	14710	com.autodesk.testinghub.core.common.tools.desktop.GUI	[main]	*** 4 Aug, 2021 3:10:33 PM IST *** ERROR: Fail: Framework setup of Testmanifest/Pagemanifest failed
INFO	2021-08-04 15:12:24,574	0	com.autodesk.testinghub.core.utils.Util	[main]	*** 4 Aug, 2021 3:12:24 PM IST *** INFO: Missing the configuration.yml under Configuration folder. Hence reading testconfiguration from system variable
INFO	2021-08-04 15:12:24,574	0	com.autodesk.testinghub.core.utils.Util	[main]	*** 4 Aug, 2021 3:12:24 PM IST *** INFO: Browser value is missing in configuration.yml or system variable. Default brower is "chrome"
INFO	2021-08-04 15:12:24,574	0	com.autodesk.testinghub.core.utils.Util	[main]	*** 4 Aug, 2021 3:12:24 PM IST *** INFO: package value is missing in configuration.yml or system variable. 
INFO	2021-08-04 15:12:24,959	385	com.autodesk.testinghub.core.common.EISTestBase	[main]	Mac Platform 
INFO	2021-08-04 15:12:24,959	385	com.autodesk.testinghub.core.common.EISTestBase	[main]	The user dir : /Users/santoshkumarjalagari/ece-ee-automation/ece
INFO	2021-08-04 15:12:35,769	11195	com.autodesk.testinghub.core.common.tools.desktop.GUI	[main]	*** 4 Aug, 2021 3:12:35 PM IST *** INFO: Tibco connection set up successful. from core
INFO	2021-08-04 15:12:35,794	11220	com.autodesk.testinghub.core.common.tools.desktop.GUI	[main]	*** 4 Aug, 2021 3:12:35 PM IST *** INFO: SFDCTestBase from core
INFO	2021-08-04 15:12:35,838	11264	com.autodesk.testinghub.core.common.tools.desktop.GUI	[main]	*** 4 Aug, 2021 3:12:35 PM IST *** WARNING: Test property file was not specified or testManifest is missing the entry of the test properties file
INFO	2021-08-04 15:12:35,864	11290	com.autodesk.testinghub.core.common.tools.desktop.GUI	[main]	*** 4 Aug, 2021 3:12:35 PM IST *** INFO: SAPTestBase from core
INFO	2021-08-04 15:12:36,037	11463	com.autodesk.testinghub.core.sap.SAPDriver	[main]	*** 4 Aug, 2021 3:12:36 PM IST *** INFO: SAP Config Location: C:\TestingHub\SAPConfig/
INFO	2021-08-04 15:12:36,037	11463	com.autodesk.testinghub.core.sap.SAPDriver	[main]	*** 4 Aug, 2021 3:12:36 PM IST *** INFO: SAP executable file location: C:\Program Files (x86)\SAP\FrontEnd\SAPgui\saplogon.exe
INFO	2021-08-04 15:12:36,071	11497	com.autodesk.testinghub.core.sap.SAPGUIDriver	[main]	*** 4 Aug, 2021 3:12:36 PM IST *** INFO: SOAPTestBase from core
INFO	2021-08-04 15:12:36,085	11511	com.autodesk.testinghub.core.common.tools.desktop.GUI	[main]	*** 4 Aug, 2021 3:12:36 PM IST *** INFO: BICTestBase from core
INFO	2021-08-04 15:12:36,121	11547	com.autodesk.testinghub.core.common.tools.desktop.GUI	[main]	*** 4 Aug, 2021 3:12:36 PM IST *** INFO: Asserting: 
INFO	2021-08-04 15:12:36,121	11547	com.autodesk.testinghub.core.common.tools.desktop.GUI	[main]	*** 4 Aug, 2021 3:12:36 PM IST *** ERROR: Fail: Framework setup of Testmanifest/Pagemanifest failed
INFO	2021-08-04 15:13:45,678	0	com.autodesk.testinghub.core.utils.Util	[main]	*** 4 Aug, 2021 3:13:45 PM IST *** INFO: Missing the configuration.yml under Configuration folder. Hence reading testconfiguration from system variable
INFO	2021-08-04 15:13:45,678	0	com.autodesk.testinghub.core.utils.Util	[main]	*** 4 Aug, 2021 3:13:45 PM IST *** INFO: Browser value is missing in configuration.yml or system variable. Default brower is "chrome"
INFO	2021-08-04 15:13:45,679	1	com.autodesk.testinghub.core.utils.Util	[main]	*** 4 Aug, 2021 3:13:45 PM IST *** INFO: package value is missing in configuration.yml or system variable. 
INFO	2021-08-04 15:13:46,079	401	com.autodesk.testinghub.core.common.EISTestBase	[main]	Mac Platform 
INFO	2021-08-04 15:13:46,079	401	com.autodesk.testinghub.core.common.EISTestBase	[main]	The user dir : /Users/santoshkumarjalagari/ece-ee-automation/ece
INFO	2021-08-04 15:13:56,882	11204	com.autodesk.testinghub.core.common.tools.desktop.GUI	[main]	*** 4 Aug, 2021 3:13:56 PM IST *** INFO: Tibco connection set up successful. from core
INFO	2021-08-04 15:13:56,913	11235	com.autodesk.testinghub.core.common.tools.desktop.GUI	[main]	*** 4 Aug, 2021 3:13:56 PM IST *** INFO: SFDCTestBase from core
INFO	2021-08-04 15:13:56,959	11281	com.autodesk.testinghub.core.common.tools.desktop.GUI	[main]	*** 4 Aug, 2021 3:13:56 PM IST *** WARNING: Test property file was not specified or testManifest is missing the entry of the test properties file
INFO	2021-08-04 15:13:56,990	11312	com.autodesk.testinghub.core.common.tools.desktop.GUI	[main]	*** 4 Aug, 2021 3:13:56 PM IST *** INFO: SAPTestBase from core
INFO	2021-08-04 15:13:57,040	11362	com.autodesk.testinghub.core.sap.SAPDriver	[main]	*** 4 Aug, 2021 3:13:57 PM IST *** INFO: SAP Config Location: C:\TestingHub\SAPConfig/
INFO	2021-08-04 15:13:57,040	11362	com.autodesk.testinghub.core.sap.SAPDriver	[main]	*** 4 Aug, 2021 3:13:57 PM IST *** INFO: SAP executable file location: C:\Program Files (x86)\SAP\FrontEnd\SAPgui\saplogon.exe
INFO	2021-08-04 15:13:57,070	11392	com.autodesk.testinghub.core.sap.SAPGUIDriver	[main]	*** 4 Aug, 2021 3:13:57 PM IST *** INFO: SOAPTestBase from core
INFO	2021-08-04 15:13:57,088	11410	com.autodesk.testinghub.core.common.tools.desktop.GUI	[main]	*** 4 Aug, 2021 3:13:57 PM IST *** INFO: BICTestBase from core
INFO	2021-08-04 15:14:11,242	25564	com.autodesk.testinghub.core.common.tools.desktop.GUI	[main]	*** 4 Aug, 2021 3:14:11 PM IST *** INFO: Asserting: 
INFO	2021-08-04 15:14:11,242	25564	com.autodesk.testinghub.core.common.tools.desktop.GUI	[main]	*** 4 Aug, 2021 3:14:11 PM IST *** ERROR: Fail: Framework setup of Testmanifest/Pagemanifest failed
INFO	2021-08-04 15:14:26,733	0	com.autodesk.testinghub.core.utils.Util	[main]	*** 4 Aug, 2021 3:14:26 PM IST *** INFO: Missing the configuration.yml under Configuration folder. Hence reading testconfiguration from system variable
INFO	2021-08-04 15:14:26,733	0	com.autodesk.testinghub.core.utils.Util	[main]	*** 4 Aug, 2021 3:14:26 PM IST *** INFO: Browser value is missing in configuration.yml or system variable. Default brower is "chrome"
INFO	2021-08-04 15:14:26,734	1	com.autodesk.testinghub.core.utils.Util	[main]	*** 4 Aug, 2021 3:14:26 PM IST *** INFO: package value is missing in configuration.yml or system variable. 
INFO	2021-08-04 15:14:27,181	448	com.autodesk.testinghub.core.common.EISTestBase	[main]	Mac Platform 
INFO	2021-08-04 15:14:27,181	448	com.autodesk.testinghub.core.common.EISTestBase	[main]	The user dir : /Users/santoshkumarjalagari/ece-ee-automation/ece
INFO	2021-08-04 15:14:39,643	12910	com.autodesk.testinghub.core.common.tools.desktop.GUI	[main]	*** 4 Aug, 2021 3:14:39 PM IST *** INFO: Tibco connection set up successful. from core
INFO	2021-08-04 15:14:39,676	12943	com.autodesk.testinghub.core.common.tools.desktop.GUI	[main]	*** 4 Aug, 2021 3:14:39 PM IST *** INFO: SFDCTestBase from core
INFO	2021-08-04 15:14:39,711	12978	com.autodesk.testinghub.core.common.tools.desktop.GUI	[main]	*** 4 Aug, 2021 3:14:39 PM IST *** INFO: Asserting: 
INFO	2021-08-04 15:14:39,711	12978	com.autodesk.testinghub.core.common.tools.desktop.GUI	[main]	*** 4 Aug, 2021 3:14:39 PM IST *** ERROR: Fail: Framework setup of Testmanifest/Pagemanifest failed
INFO	2021-08-04 20:11:54,983	0	com.autodesk.testinghub.core.utils.Util	[main]	*** 4 Aug, 2021 8:11:54 PM IST *** INFO: Missing the configuration.yml under Configuration folder. Hence reading testconfiguration from system variable
INFO	2021-08-04 20:11:54,983	0	com.autodesk.testinghub.core.utils.Util	[main]	*** 4 Aug, 2021 8:11:54 PM IST *** INFO: Browser value is missing in configuration.yml or system variable. Default brower is "chrome"
INFO	2021-08-04 20:11:54,983	0	com.autodesk.testinghub.core.utils.Util	[main]	*** 4 Aug, 2021 8:11:54 PM IST *** INFO: package value is missing in configuration.yml or system variable. 
INFO	2021-08-04 20:11:55,424	441	com.autodesk.testinghub.core.common.EISTestBase	[main]	Mac Platform 
INFO	2021-08-04 20:11:55,425	442	com.autodesk.testinghub.core.common.EISTestBase	[main]	The user dir : /Users/santoshkumarjalagari/ece-ee-automation/ece
INFO	2021-08-04 20:16:47,651	292668	com.autodesk.testinghub.core.common.tools.desktop.GUI	[main]	*** 4 Aug, 2021 8:16:47 PM IST *** INFO: Tibco connection set up successful. from core
INFO	2021-08-04 20:17:40,079	345096	com.autodesk.testinghub.core.common.tools.desktop.GUI	[main]	*** 4 Aug, 2021 8:17:40 PM IST *** INFO: SFDCTestBase from core
INFO	2021-08-04 20:18:22,987	388004	com.autodesk.testinghub.core.common.tools.desktop.GUI	[main]	*** 4 Aug, 2021 8:18:22 PM IST *** INFO: Asserting: 
INFO	2021-08-04 20:18:22,987	388004	com.autodesk.testinghub.core.common.tools.desktop.GUI	[main]	*** 4 Aug, 2021 8:18:22 PM IST *** ERROR: Fail: Framework setup of Testmanifest/Pagemanifest failed
INFO	2021-08-04 20:18:27,767	0	com.autodesk.testinghub.core.utils.Util	[main]	*** 4 Aug, 2021 8:18:27 PM IST *** INFO: Missing the configuration.yml under Configuration folder. Hence reading testconfiguration from system variable
INFO	2021-08-04 20:18:27,768	1	com.autodesk.testinghub.core.utils.Util	[main]	*** 4 Aug, 2021 8:18:27 PM IST *** INFO: Browser value is missing in configuration.yml or system variable. Default brower is "chrome"
INFO	2021-08-04 20:18:27,768	1	com.autodesk.testinghub.core.utils.Util	[main]	*** 4 Aug, 2021 8:18:27 PM IST *** INFO: package value is missing in configuration.yml or system variable. 
INFO	2021-08-04 20:19:05,673	37906	com.autodesk.testinghub.core.common.EISTestBase	[main]	Mac Platform 
INFO	2021-08-04 20:19:05,674	37907	com.autodesk.testinghub.core.common.EISTestBase	[main]	The user dir : /Users/santoshkumarjalagari/ece-ee-automation/ece
INFO	2021-08-04 20:32:27,302	0	com.autodesk.testinghub.core.utils.Util	[main]	*** 4 Aug, 2021 8:32:27 PM IST *** INFO: Missing the configuration.yml under Configuration folder. Hence reading testconfiguration from system variable
INFO	2021-08-04 20:32:27,303	1	com.autodesk.testinghub.core.utils.Util	[main]	*** 4 Aug, 2021 8:32:27 PM IST *** INFO: Browser value is missing in configuration.yml or system variable. Default brower is "chrome"
INFO	2021-08-04 20:32:27,303	1	com.autodesk.testinghub.core.utils.Util	[main]	*** 4 Aug, 2021 8:32:27 PM IST *** INFO: package value is missing in configuration.yml or system variable. 
INFO	2021-08-04 20:32:27,661	359	com.autodesk.testinghub.core.common.EISTestBase	[main]	Mac Platform 
INFO	2021-08-04 20:32:27,661	359	com.autodesk.testinghub.core.common.EISTestBase	[main]	The user dir : /Users/santoshkumarjalagari/ece-ee-automation/ece
INFO	2021-08-04 20:32:38,966	11664	com.autodesk.testinghub.core.common.tools.desktop.GUI	[main]	*** 4 Aug, 2021 8:32:38 PM IST *** INFO: Tibco connection set up successful. from core
INFO	2021-08-04 20:32:38,993	11691	com.autodesk.testinghub.core.common.tools.desktop.GUI	[main]	*** 4 Aug, 2021 8:32:38 PM IST *** INFO: SFDCTestBase from core
INFO	2021-08-04 20:32:39,039	11737	com.autodesk.testinghub.core.common.tools.desktop.GUI	[main]	*** 4 Aug, 2021 8:32:39 PM IST *** WARNING: Test property file was not specified or testManifest is missing the entry of the test properties file
INFO	2021-08-04 20:32:39,067	11765	com.autodesk.testinghub.core.common.tools.desktop.GUI	[main]	*** 4 Aug, 2021 8:32:39 PM IST *** INFO: SAPTestBase from core
INFO	2021-08-04 20:32:39,253	11951	com.autodesk.testinghub.core.sap.SAPDriver	[main]	*** 4 Aug, 2021 8:32:39 PM IST *** INFO: SAP Config Location: C:\TestingHub\SAPConfig/
INFO	2021-08-04 20:32:39,253	11951	com.autodesk.testinghub.core.sap.SAPDriver	[main]	*** 4 Aug, 2021 8:32:39 PM IST *** INFO: SAP executable file location: C:\Program Files (x86)\SAP\FrontEnd\SAPgui\saplogon.exe
INFO	2021-08-04 20:32:39,283	11981	com.autodesk.testinghub.core.sap.SAPGUIDriver	[main]	*** 4 Aug, 2021 8:32:39 PM IST *** INFO: SOAPTestBase from core
INFO	2021-08-04 20:32:39,301	11999	com.autodesk.testinghub.core.common.tools.desktop.GUI	[main]	*** 4 Aug, 2021 8:32:39 PM IST *** INFO: BICTestBase from core
INFO	2021-08-04 20:32:39,325	12023	com.autodesk.testinghub.core.common.tools.desktop.GUI	[main]	*** 4 Aug, 2021 8:32:39 PM IST *** WARNING: Test property file was not specified or testManifest is missing the entry of the test properties file
INFO	2021-08-04 20:32:39,348	12046	com.autodesk.testinghub.core.common.tools.desktop.GUI	[main]	*** 4 Aug, 2021 8:32:39 PM IST *** INFO: PelicanTestBase from core
INFO	2021-08-04 20:32:39,350	12048	com.autodesk.testinghub.core.common.tools.desktop.GUI	[main]	*** 4 Aug, 2021 8:32:39 PM IST *** INFO: HerokuTestBase from core
INFO	2021-08-04 20:32:39,375	12073	com.autodesk.testinghub.core.common.tools.desktop.GUI	[main]	*** 4 Aug, 2021 8:32:39 PM IST *** INFO: LemTestBase from core
INFO	2021-08-04 20:32:39,494	12192	com.autodesk.testinghub.core.common.listeners.TestingHubAPIClient	[TestNG-test=Test execution - ece-1]	inserting data....in testinghub
INFO	2021-08-04 20:32:39,499	12197	com.autodesk.testinghub.core.common.listeners.TestingHubAPIClient	[TestNG-test=Test execution - ece-1]	{"data":[],"validations":[],"message":"Job started","transactionid":"3fbae865-07fc-4b3b-b062-449135159994","status":"in-progress"}
INFO	2021-08-04 20:32:45,787	18485	com.autodesk.testinghub.core.common.listeners.TestingHubAPIClient	[TestNG-test=Test execution - ece-1]	*** 4 Aug, 2021 8:32:45 PM IST *** INFO: Gathering payment details...
INFO	2021-08-04 20:32:45,787	18485	com.autodesk.testinghub.core.common.listeners.TestingHubAPIClient	[TestNG-test=Test execution - ece-1]	*** 4 Aug, 2021 8:32:45 PM IST *** INFO: BICTestBase from core
INFO	2021-08-04 20:32:45,798	18496	com.autodesk.testinghub.core.common.tools.desktop.GUI	[TestNG-test=Test execution - ece-1]	
----- Executing Step -----: Guac: Place Order  @testingHub

INFO	2021-08-04 20:32:45,798	18496	com.autodesk.testinghub.core.common.tools.desktop.GUI	[TestNG-test=Test execution - ece-1]	
Updating testinghub for step: Guac: Place Order

INFO	2021-08-04 20:32:45,798	18496	com.autodesk.testinghub.core.common.tools.desktop.GUI	[TestNG-test=Test execution - ece-1]	{"data":[],"validations":[{"validation":"Guac: Place Order","status":"in-progress"}],"message":"Job execution in progress","transactionid":"3fbae865-07fc-4b3b-b062-449135159994","status":"in-progress"}
INFO	2021-08-04 20:32:47,529	20227	com.autodesk.testinghub.core.common.tools.desktop.GUI	[TestNG-test=Test execution - ece-1]	
----- Executing Step -----: Generate email id

INFO	2021-08-04 20:32:47,531	20229	com.autodesk.testinghub.core.common.tools.desktop.GUI	[TestNG-test=Test execution - ece-1]	
Step Completed: Generate email id:passed

INFO	2021-08-04 20:34:10,323	103021	com.autodesk.testinghub.core.common.tools.desktop.GUI	[TestNG-test=Test execution - ece-1]	*** 4 Aug, 2021 8:34:10 PM IST *** INFO: Waiting for page to load completely
INFO	2021-08-04 20:34:25,352	118050	com.autodesk.testinghub.core.common.tools.desktop.GUI	[TestNG-test=Test execution - ece-1]	*** 4 Aug, 2021 8:34:25 PM IST *** INFO: Checking Cart page error...
INFO	2021-08-04 20:35:05,389	158087	com.autodesk.testinghub.core.common.tools.desktop.GUI	[TestNG-test=Test execution - ece-1]	*** 4 Aug, 2021 8:35:05 PM IST *** INFO: No error on cart page while navigating...
INFO	2021-08-04 20:35:05,390	158088	com.autodesk.testinghub.core.common.tools.desktop.GUI	[TestNG-test=Test execution - ece-1]	
----- Executing Step -----: get billing address

INFO	2021-08-04 20:35:05,390	158088	com.autodesk.testinghub.core.common.tools.desktop.GUI	[TestNG-test=Test execution - ece-1]	
Step Completed: get billing address:passed

INFO	2021-08-04 20:36:05,659	218357	com.autodesk.testinghub.core.common.tools.desktop.GUI	[TestNG-test=Test execution - ece-1]	*** 4 Aug, 2021 8:36:05 PM IST *** INFO: Cookies accept box does not appear on the page...
INFO	2021-08-04 20:36:05,906	218604	com.autodesk.testinghub.core.common.tools.desktop.GUI	[TestNG-test=Test execution - ece-1]	*** 4 Aug, 2021 8:36:05 PM IST *** INFO: Clicked on Stay On US page link...
INFO	2021-08-04 20:36:05,906	218604	com.autodesk.testinghub.core.common.tools.desktop.GUI	[TestNG-test=Test execution - ece-1]	*** 4 Aug, 2021 8:36:05 PM IST *** INFO: firstName :: FNiohCoq
INFO	2021-08-04 20:36:05,906	218604	com.autodesk.testinghub.core.common.tools.desktop.GUI	[TestNG-test=Test execution - ece-1]	*** 4 Aug, 2021 8:36:05 PM IST *** INFO: lastName :: LNiohCoq
INFO	2021-08-04 20:36:05,907	218605	com.autodesk.testinghub.core.common.tools.desktop.GUI	[TestNG-test=Test execution - ece-1]	
----- Executing Step -----: Create BIC account

INFO	2021-08-04 20:36:05,935	218633	com.autodesk.testinghub.core.common.tools.desktop.GUI	[TestNG-test=Test execution - ece-1]	*** 4 Aug, 2021 8:36:05 PM IST *** INFO: Url is loaded and we were able to switch to iFrame
INFO	2021-08-04 20:36:12,128	224826	com.autodesk.testinghub.core.common.tools.desktop.GUI	[TestNG-test=Test execution - ece-1]	Enter value in edit field 'firstname_str':
INFO	2021-08-04 20:36:12,759	225457	com.autodesk.testinghub.core.common.tools.desktop.GUI	[TestNG-test=Test execution - ece-1]	Enter value in edit field 'firstname_str':FNiohCoq
INFO	2021-08-04 20:36:13,382	226080	com.autodesk.testinghub.core.common.tools.desktop.GUI	[TestNG-test=Test execution - ece-1]	Enter value in edit field 'lastname_str':LNiohCoq
INFO	2021-08-04 20:36:14,036	226734	com.autodesk.testinghub.core.common.tools.desktop.GUI	[TestNG-test=Test execution - ece-1]	Enter value in edit field 'email_str':thubnamerseppncwzkhdj@letscheck.pw
INFO	2021-08-04 20:36:14,669	227367	com.autodesk.testinghub.core.common.tools.desktop.GUI	[TestNG-test=Test execution - ece-1]	Enter value in edit field 'confirm_email_str':thubnamerseppncwzkhdj@letscheck.pw
INFO	2021-08-04 20:36:15,311	228009	com.autodesk.testinghub.core.common.tools.desktop.GUI	[TestNG-test=Test execution - ece-1]	Enter value in edit field 'password':********...
INFO	2021-08-04 20:36:15,852	228550	com.autodesk.testinghub.core.common.tools.desktop.GUI	[TestNG-test=Test execution - ece-1]	*** 4 Aug, 2021 8:36:15 PM IST *** INFO:  Checked bic_Agree is visible - true
INFO	2021-08-04 20:36:15,877	228575	com.autodesk.testinghub.core.common.tools.desktop.GUI	[TestNG-test=Test execution - ece-1]	*** 4 Aug, 2021 8:36:15 PM IST *** INFO:  Checked box status for bic_Agree - false
INFO	2021-08-04 20:36:28,018	240716	com.autodesk.testinghub.core.common.tools.desktop.GUI	[TestNG-test=Test execution - ece-1]	*** 4 Aug, 2021 8:36:28 PM IST *** INFO: Option checkbox is already selected..
INFO	2021-08-04 20:36:52,049	264747	com.autodesk.testinghub.core.common.tools.desktop.GUI	[TestNG-test=Test execution - ece-1]	*** 4 Aug, 2021 8:36:52 PM IST *** INFO: Successfully clicked on Create user button
INFO	2021-08-04 20:36:52,077	264775	com.autodesk.testinghub.core.common.tools.desktop.GUI	[TestNG-test=Test execution - ece-1]	*** 4 Aug, 2021 8:36:52 PM IST *** INFO: Created account successfully
INFO	2021-08-04 20:36:52,080	264778	com.autodesk.testinghub.core.common.tools.desktop.GUI	[TestNG-test=Test execution - ece-1]	
Step Completed: Create BIC account:passed

INFO	2021-08-04 20:36:52,085	264783	com.autodesk.testinghub.core.common.tools.desktop.GUI	[TestNG-test=Test execution - ece-1]	*** 4 Aug, 2021 8:36:52 PM IST *** INFO: -------------Entire Payment details----------------
 URL :            https://checkout-pt.autodesk.com/en-US

 Page Title :     Cart

-----------------------------
INFO	2021-08-04 20:36:52,085	264783	com.autodesk.testinghub.core.common.tools.desktop.GUI	[TestNG-test=Test execution - ece-1]	*** 4 Aug, 2021 8:36:52 PM IST *** INFO: Selecting payment profile : VISA
INFO	2021-08-04 20:36:52,085	264783	com.autodesk.testinghub.core.common.tools.desktop.GUI	[TestNG-test=Test execution - ece-1]	
----- Executing Step -----: Populate payment details

INFO	2021-08-04 20:36:52,146	264844	com.autodesk.testinghub.core.common.tools.desktop.GUI	[TestNG-test=Test execution - ece-1]	*** 4 Aug, 2021 8:36:52 PM IST *** INFO: Entering card number : 4000020000000000
INFO	2021-08-04 20:37:01,652	274350	com.autodesk.testinghub.core.common.tools.desktop.GUI	[TestNG-test=Test execution - ece-1]	*** 4 Aug, 2021 8:37:01 PM IST *** INFO: Entering Expiry date : 03 - Mar/30
INFO	2021-08-04 20:37:10,989	283687	com.autodesk.testinghub.core.common.tools.desktop.GUI	[TestNG-test=Test execution - ece-1]	*** 4 Aug, 2021 8:37:10 PM IST *** INFO: Entering seciruty code : 737
INFO	2021-08-04 20:37:38,427	311125	com.autodesk.testinghub.core.common.tools.desktop.GUI	[TestNG-test=Test execution - ece-1]	
Step Completed: Populate payment details:passed

INFO	2021-08-04 20:37:38,437	311135	com.autodesk.testinghub.core.common.tools.desktop.GUI	[TestNG-test=Test execution - ece-1]	*** 4 Aug, 2021 8:37:38 PM IST *** INFO: -------------Entire billing details----------------
 URL :            https://checkout-pt.autodesk.com/en-US

 Page Title :     Cart

-----------------------------
INFO	2021-08-04 20:37:38,438	311136	com.autodesk.testinghub.core.common.tools.desktop.GUI	[TestNG-test=Test execution - ece-1]	
----- Executing Step -----: Populate billing address

INFO	2021-08-04 20:37:46,822	319520	com.autodesk.testinghub.core.common.tools.desktop.GUI	[TestNG-test=Test execution - ece-1]	*** 4 Aug, 2021 8:37:46 PM IST *** INFO: Adding billing details...
INFO	2021-08-04 20:37:58,044	330742	com.autodesk.testinghub.core.common.tools.desktop.GUI	[TestNG-test=Test execution - ece-1]	*** 4 Aug, 2021 8:37:58 PM IST *** INFO: Clicking on Save button...
INFO	2021-08-04 20:37:58,246	330944	com.autodesk.testinghub.core.common.tools.desktop.GUI	[TestNG-test=Test execution - ece-1]	*** 4 Aug, 2021 8:37:58 PM IST *** INFO: Waiting for page to load completely
INFO	2021-08-04 20:38:13,251	345949	com.autodesk.testinghub.core.common.tools.desktop.GUI	[TestNG-test=Test execution - ece-1]	
Step Completed: Populate billing address:passed

INFO	2021-08-04 20:38:13,262	345960	com.autodesk.testinghub.core.common.tools.desktop.GUI	[TestNG-test=Test execution - ece-1]	*** 4 Aug, 2021 8:38:13 PM IST *** INFO: -------------After entering billing details----------------
 URL :            https://checkout-pt.autodesk.com/en-US

 Page Title :     Cart

-----------------------------
INFO	2021-08-04 20:38:13,266	345964	com.autodesk.testinghub.core.common.tools.desktop.GUI	[TestNG-test=Test execution - ece-1]	*** 4 Aug, 2021 8:38:13 PM IST *** INFO: ------------- Step 1 wait for SubmitOrderButton----------------
 URL :            https://checkout-pt.autodesk.com/en-US

 Page Title :     Cart

-----------------------------
INFO	2021-08-04 20:38:13,282	345980	com.autodesk.testinghub.core.common.tools.desktop.GUI	[TestNG-test=Test execution - ece-1]	*** 4 Aug, 2021 8:38:13 PM IST *** INFO: ------------- Step 2 wait for SubmitOrderButton----------------
 URL :            https://checkout-pt.autodesk.com/en-US

 Page Title :     Cart

-----------------------------
INFO	2021-08-04 20:38:33,316	366014	com.autodesk.testinghub.core.common.tools.desktop.GUI	[TestNG-test=Test execution - ece-1]	*** 4 Aug, 2021 8:38:33 PM IST *** CONTINUE_CHECKOUT_Modal  is not present
INFO	2021-08-04 20:38:34,132	366830	com.autodesk.testinghub.core.common.tools.desktop.GUI	[TestNG-test=Test execution - ece-1]	*** 4 Aug, 2021 8:38:34 PM IST *** INFO: Waiting for page to load completely
INFO	2021-08-04 20:41:03,576	516274	com.autodesk.testinghub.core.common.tools.desktop.GUI	[TestNG-test=Test execution - ece-1]	
Step Completed: Guac: Place Order  @testingHub:broken

INFO	2021-08-04 20:41:03,576	516274	com.autodesk.testinghub.core.common.tools.desktop.GUI	[TestNG-test=Test execution - ece-1]	
Updating testinghub the status of step: Guac: Place Order

INFO	2021-08-04 20:41:03,576	516274	com.autodesk.testinghub.core.common.tools.desktop.GUI	[TestNG-test=Test execution - ece-1]	{"data":[],"validations":[{"validation":"Guac: Place Order","status":"failed"}],"message":"Job execution in progress","transactionid":"3fbae865-07fc-4b3b-b062-449135159994","status":"in-progress"}
INFO	2021-08-04 20:41:08,318	521016	com.autodesk.testinghub.core.common.tools.desktop.GUI	[TestNG-test=Test execution - ece-1]	inserting data....in testinghub
INFO	2021-08-04 20:41:08,319	521017	com.autodesk.testinghub.core.common.tools.desktop.GUI	[TestNG-test=Test execution - ece-1]	{"data":[],"validations":[],"message":"org.openqa.selenium.TimeoutException\nsun.reflect.NativeConstructorAccessorImpl.newInstance0(Native Method)","transactionid":"3fbae865-07fc-4b3b-b062-449135159994","status":"failed"}
INFO	2021-08-04 20:41:09,877	522575	com.autodesk.testinghub.core.common.tools.desktop.GUI	[main]	*** 4 Aug, 2021 8:41:09 PM IST *** INFO: Closing Webdriver after the end of the test
INFO	2021-08-04 20:42:45,473	0	com.autodesk.testinghub.core.utils.Util	[main]	*** 4 Aug, 2021 8:42:45 PM IST *** INFO: Missing the configuration.yml under Configuration folder. Hence reading testconfiguration from system variable
INFO	2021-08-04 20:42:45,474	1	com.autodesk.testinghub.core.utils.Util	[main]	*** 4 Aug, 2021 8:42:45 PM IST *** INFO: Browser value is missing in configuration.yml or system variable. Default brower is "chrome"
INFO	2021-08-04 20:42:45,474	1	com.autodesk.testinghub.core.utils.Util	[main]	*** 4 Aug, 2021 8:42:45 PM IST *** INFO: package value is missing in configuration.yml or system variable. 
INFO	2021-08-04 20:42:45,849	376	com.autodesk.testinghub.core.common.EISTestBase	[main]	Mac Platform 
INFO	2021-08-04 20:42:45,849	376	com.autodesk.testinghub.core.common.EISTestBase	[main]	The user dir : /Users/santoshkumarjalagari/ece-ee-automation/ece
INFO	2021-08-04 20:42:56,285	10812	com.autodesk.testinghub.core.common.tools.desktop.GUI	[main]	*** 4 Aug, 2021 8:42:56 PM IST *** INFO: Tibco connection set up successful. from core
INFO	2021-08-04 20:42:56,317	10844	com.autodesk.testinghub.core.common.tools.desktop.GUI	[main]	*** 4 Aug, 2021 8:42:56 PM IST *** INFO: SFDCTestBase from core
INFO	2021-08-04 20:42:56,363	10890	com.autodesk.testinghub.core.common.tools.desktop.GUI	[main]	*** 4 Aug, 2021 8:42:56 PM IST *** WARNING: Test property file was not specified or testManifest is missing the entry of the test properties file
INFO	2021-08-04 20:42:56,508	11035	com.autodesk.testinghub.core.common.tools.desktop.GUI	[main]	*** 4 Aug, 2021 8:42:56 PM IST *** INFO: SAPTestBase from core
INFO	2021-08-04 20:42:56,561	11088	com.autodesk.testinghub.core.sap.SAPDriver	[main]	*** 4 Aug, 2021 8:42:56 PM IST *** INFO: SAP Config Location: C:\TestingHub\SAPConfig/
INFO	2021-08-04 20:42:56,562	11089	com.autodesk.testinghub.core.sap.SAPDriver	[main]	*** 4 Aug, 2021 8:42:56 PM IST *** INFO: SAP executable file location: C:\Program Files (x86)\SAP\FrontEnd\SAPgui\saplogon.exe
INFO	2021-08-04 20:42:56,590	11117	com.autodesk.testinghub.core.sap.SAPGUIDriver	[main]	*** 4 Aug, 2021 8:42:56 PM IST *** INFO: SOAPTestBase from core
INFO	2021-08-04 20:42:56,604	11131	com.autodesk.testinghub.core.common.tools.desktop.GUI	[main]	*** 4 Aug, 2021 8:42:56 PM IST *** INFO: BICTestBase from core
INFO	2021-08-04 20:42:56,621	11148	com.autodesk.testinghub.core.common.tools.desktop.GUI	[main]	*** 4 Aug, 2021 8:42:56 PM IST *** WARNING: Test property file was not specified or testManifest is missing the entry of the test properties file
INFO	2021-08-04 20:42:56,642	11169	com.autodesk.testinghub.core.common.tools.desktop.GUI	[main]	*** 4 Aug, 2021 8:42:56 PM IST *** INFO: PelicanTestBase from core
INFO	2021-08-04 20:42:56,644	11171	com.autodesk.testinghub.core.common.tools.desktop.GUI	[main]	*** 4 Aug, 2021 8:42:56 PM IST *** INFO: HerokuTestBase from core
INFO	2021-08-04 20:42:56,668	11195	com.autodesk.testinghub.core.common.tools.desktop.GUI	[main]	*** 4 Aug, 2021 8:42:56 PM IST *** INFO: LemTestBase from core
INFO	2021-08-04 20:42:56,768	11295	com.autodesk.testinghub.core.common.listeners.TestingHubAPIClient	[TestNG-test=Test execution - ece-1]	inserting data....in testinghub
INFO	2021-08-04 20:42:56,772	11299	com.autodesk.testinghub.core.common.listeners.TestingHubAPIClient	[TestNG-test=Test execution - ece-1]	{"data":[],"validations":[],"message":"Job started","transactionid":"3fbae865-07fc-4b3b-b062-449135159994","status":"in-progress"}
INFO	2021-08-04 20:43:00,504	15031	com.autodesk.testinghub.core.common.listeners.TestingHubAPIClient	[TestNG-test=Test execution - ece-1]	*** 4 Aug, 2021 8:43:00 PM IST *** INFO: Gathering payment details...
INFO	2021-08-04 20:43:00,504	15031	com.autodesk.testinghub.core.common.listeners.TestingHubAPIClient	[TestNG-test=Test execution - ece-1]	*** 4 Aug, 2021 8:43:00 PM IST *** INFO: BICTestBase from core
INFO	2021-08-04 20:43:00,514	15041	com.autodesk.testinghub.core.common.tools.desktop.GUI	[TestNG-test=Test execution - ece-1]	
----- Executing Step -----: Guac: Place Order  @testingHub

INFO	2021-08-04 20:43:00,515	15042	com.autodesk.testinghub.core.common.tools.desktop.GUI	[TestNG-test=Test execution - ece-1]	
Updating testinghub for step: Guac: Place Order

INFO	2021-08-04 20:43:00,515	15042	com.autodesk.testinghub.core.common.tools.desktop.GUI	[TestNG-test=Test execution - ece-1]	{"data":[],"validations":[{"validation":"Guac: Place Order","status":"in-progress"}],"message":"Job execution in progress","transactionid":"3fbae865-07fc-4b3b-b062-449135159994","status":"in-progress"}
INFO	2021-08-04 20:43:02,374	16901	com.autodesk.testinghub.core.common.tools.desktop.GUI	[TestNG-test=Test execution - ece-1]	
----- Executing Step -----: Generate email id

INFO	2021-08-04 20:43:02,375	16902	com.autodesk.testinghub.core.common.tools.desktop.GUI	[TestNG-test=Test execution - ece-1]	
Step Completed: Generate email id:passed

INFO	2021-08-04 20:44:22,553	97080	com.autodesk.testinghub.core.common.tools.desktop.GUI	[TestNG-test=Test execution - ece-1]	*** 4 Aug, 2021 8:44:22 PM IST *** INFO: Waiting for page to load completely
INFO	2021-08-04 20:44:37,567	112094	com.autodesk.testinghub.core.common.tools.desktop.GUI	[TestNG-test=Test execution - ece-1]	*** 4 Aug, 2021 8:44:37 PM IST *** INFO: Checking Cart page error...
INFO	2021-08-04 20:45:17,591	152118	com.autodesk.testinghub.core.common.tools.desktop.GUI	[TestNG-test=Test execution - ece-1]	*** 4 Aug, 2021 8:45:17 PM IST *** INFO: No error on cart page while navigating...
INFO	2021-08-04 20:45:17,604	152131	com.autodesk.testinghub.core.common.tools.desktop.GUI	[TestNG-test=Test execution - ece-1]	
----- Executing Step -----: get billing address

INFO	2021-08-04 20:45:17,605	152132	com.autodesk.testinghub.core.common.tools.desktop.GUI	[TestNG-test=Test execution - ece-1]	
Step Completed: get billing address:passed

INFO	2021-08-04 20:46:17,722	212249	com.autodesk.testinghub.core.common.tools.desktop.GUI	[TestNG-test=Test execution - ece-1]	*** 4 Aug, 2021 8:46:17 PM IST *** INFO: Cookies accept box does not appear on the page...
INFO	2021-08-04 20:46:17,924	212451	com.autodesk.testinghub.core.common.tools.desktop.GUI	[TestNG-test=Test execution - ece-1]	*** 4 Aug, 2021 8:46:17 PM IST *** INFO: Clicked on Stay On US page link...
INFO	2021-08-04 20:46:17,924	212451	com.autodesk.testinghub.core.common.tools.desktop.GUI	[TestNG-test=Test execution - ece-1]	*** 4 Aug, 2021 8:46:17 PM IST *** INFO: firstName :: FNuSVozn
INFO	2021-08-04 20:46:17,924	212451	com.autodesk.testinghub.core.common.tools.desktop.GUI	[TestNG-test=Test execution - ece-1]	*** 4 Aug, 2021 8:46:17 PM IST *** INFO: lastName :: LNuSVozn
INFO	2021-08-04 20:46:17,925	212452	com.autodesk.testinghub.core.common.tools.desktop.GUI	[TestNG-test=Test execution - ece-1]	
----- Executing Step -----: Create BIC account

INFO	2021-08-04 20:46:17,949	212476	com.autodesk.testinghub.core.common.tools.desktop.GUI	[TestNG-test=Test execution - ece-1]	*** 4 Aug, 2021 8:46:17 PM IST *** INFO: Url is loaded and we were able to switch to iFrame
INFO	2021-08-04 20:46:24,131	218658	com.autodesk.testinghub.core.common.tools.desktop.GUI	[TestNG-test=Test execution - ece-1]	Enter value in edit field 'firstname_str':
INFO	2021-08-04 20:46:24,756	219283	com.autodesk.testinghub.core.common.tools.desktop.GUI	[TestNG-test=Test execution - ece-1]	Enter value in edit field 'firstname_str':FNuSVozn
INFO	2021-08-04 20:46:25,380	219907	com.autodesk.testinghub.core.common.tools.desktop.GUI	[TestNG-test=Test execution - ece-1]	Enter value in edit field 'lastname_str':LNuSVozn
INFO	2021-08-04 20:46:26,034	220561	com.autodesk.testinghub.core.common.tools.desktop.GUI	[TestNG-test=Test execution - ece-1]	Enter value in edit field 'email_str':thubnamerqahixhdekgna@letscheck.pw
INFO	2021-08-04 20:46:26,667	221194	com.autodesk.testinghub.core.common.tools.desktop.GUI	[TestNG-test=Test execution - ece-1]	Enter value in edit field 'confirm_email_str':thubnamerqahixhdekgna@letscheck.pw
INFO	2021-08-04 20:46:27,309	221836	com.autodesk.testinghub.core.common.tools.desktop.GUI	[TestNG-test=Test execution - ece-1]	Enter value in edit field 'password':********...
INFO	2021-08-04 20:46:27,850	222377	com.autodesk.testinghub.core.common.tools.desktop.GUI	[TestNG-test=Test execution - ece-1]	*** 4 Aug, 2021 8:46:27 PM IST *** INFO:  Checked bic_Agree is visible - true
INFO	2021-08-04 20:46:27,873	222400	com.autodesk.testinghub.core.common.tools.desktop.GUI	[TestNG-test=Test execution - ece-1]	*** 4 Aug, 2021 8:46:27 PM IST *** INFO:  Checked box status for bic_Agree - false
INFO	2021-08-04 20:46:39,997	234524	com.autodesk.testinghub.core.common.tools.desktop.GUI	[TestNG-test=Test execution - ece-1]	*** 4 Aug, 2021 8:46:39 PM IST *** INFO: Option checkbox is already selected..
INFO	2021-08-04 20:47:04,037	258564	com.autodesk.testinghub.core.common.tools.desktop.GUI	[TestNG-test=Test execution - ece-1]	*** 4 Aug, 2021 8:47:04 PM IST *** INFO: Successfully clicked on Create user button
INFO	2021-08-04 20:47:04,064	258591	com.autodesk.testinghub.core.common.tools.desktop.GUI	[TestNG-test=Test execution - ece-1]	*** 4 Aug, 2021 8:47:04 PM IST *** INFO: Created account successfully
INFO	2021-08-04 20:47:04,067	258594	com.autodesk.testinghub.core.common.tools.desktop.GUI	[TestNG-test=Test execution - ece-1]	
Step Completed: Create BIC account:passed

INFO	2021-08-04 20:47:04,072	258599	com.autodesk.testinghub.core.common.tools.desktop.GUI	[TestNG-test=Test execution - ece-1]	*** 4 Aug, 2021 8:47:04 PM IST *** INFO: -------------Entire Payment details----------------
 URL :            https://checkout-pt.autodesk.com/en-US

 Page Title :     Cart

-----------------------------
INFO	2021-08-04 20:47:04,072	258599	com.autodesk.testinghub.core.common.tools.desktop.GUI	[TestNG-test=Test execution - ece-1]	*** 4 Aug, 2021 8:47:04 PM IST *** INFO: Selecting payment profile : VISA
INFO	2021-08-04 20:47:04,072	258599	com.autodesk.testinghub.core.common.tools.desktop.GUI	[TestNG-test=Test execution - ece-1]	
----- Executing Step -----: Populate payment details

INFO	2021-08-04 20:47:04,132	258659	com.autodesk.testinghub.core.common.tools.desktop.GUI	[TestNG-test=Test execution - ece-1]	*** 4 Aug, 2021 8:47:04 PM IST *** INFO: Entering card number : 4000020000000000
INFO	2021-08-04 20:47:13,490	268017	com.autodesk.testinghub.core.common.tools.desktop.GUI	[TestNG-test=Test execution - ece-1]	*** 4 Aug, 2021 8:47:13 PM IST *** INFO: Entering Expiry date : 03 - Mar/30
INFO	2021-08-04 20:47:23,022	277549	com.autodesk.testinghub.core.common.tools.desktop.GUI	[TestNG-test=Test execution - ece-1]	*** 4 Aug, 2021 8:47:23 PM IST *** INFO: Entering seciruty code : 737
INFO	2021-08-04 20:47:50,280	304807	com.autodesk.testinghub.core.common.tools.desktop.GUI	[TestNG-test=Test execution - ece-1]	
Step Completed: Populate payment details:passed

INFO	2021-08-04 20:47:50,292	304819	com.autodesk.testinghub.core.common.tools.desktop.GUI	[TestNG-test=Test execution - ece-1]	*** 4 Aug, 2021 8:47:50 PM IST *** INFO: -------------Entire billing details----------------
 URL :            https://checkout-pt.autodesk.com/en-US

 Page Title :     Cart

-----------------------------
INFO	2021-08-04 20:47:50,292	304819	com.autodesk.testinghub.core.common.tools.desktop.GUI	[TestNG-test=Test execution - ece-1]	
----- Executing Step -----: Populate billing address

INFO	2021-08-04 20:47:58,622	313149	com.autodesk.testinghub.core.common.tools.desktop.GUI	[TestNG-test=Test execution - ece-1]	*** 4 Aug, 2021 8:47:58 PM IST *** INFO: Adding billing details...
INFO	2021-08-04 20:48:09,695	324222	com.autodesk.testinghub.core.common.tools.desktop.GUI	[TestNG-test=Test execution - ece-1]	*** 4 Aug, 2021 8:48:09 PM IST *** INFO: Clicking on Save button...
INFO	2021-08-04 20:48:09,881	324408	com.autodesk.testinghub.core.common.tools.desktop.GUI	[TestNG-test=Test execution - ece-1]	*** 4 Aug, 2021 8:48:09 PM IST *** INFO: Waiting for page to load completely
INFO	2021-08-04 20:48:24,886	339413	com.autodesk.testinghub.core.common.tools.desktop.GUI	[TestNG-test=Test execution - ece-1]	
Step Completed: Populate billing address:passed

INFO	2021-08-04 20:48:24,897	339424	com.autodesk.testinghub.core.common.tools.desktop.GUI	[TestNG-test=Test execution - ece-1]	*** 4 Aug, 2021 8:48:24 PM IST *** INFO: -------------After entering billing details----------------
 URL :            https://checkout-pt.autodesk.com/en-US

 Page Title :     Cart

-----------------------------
INFO	2021-08-04 20:48:24,901	339428	com.autodesk.testinghub.core.common.tools.desktop.GUI	[TestNG-test=Test execution - ece-1]	*** 4 Aug, 2021 8:48:24 PM IST *** INFO: ------------- Step 1 wait for SubmitOrderButton----------------
 URL :            https://checkout-pt.autodesk.com/en-US

 Page Title :     Cart

-----------------------------
INFO	2021-08-04 20:48:24,923	339450	com.autodesk.testinghub.core.common.tools.desktop.GUI	[TestNG-test=Test execution - ece-1]	*** 4 Aug, 2021 8:48:24 PM IST *** INFO: ------------- Step 2 wait for SubmitOrderButton----------------
 URL :            https://checkout-pt.autodesk.com/en-US

 Page Title :     Cart

-----------------------------
INFO	2021-08-04 20:48:44,933	359460	com.autodesk.testinghub.core.common.tools.desktop.GUI	[TestNG-test=Test execution - ece-1]	*** 4 Aug, 2021 8:48:44 PM IST *** CONTINUE_CHECKOUT_Modal  is not present
INFO	2021-08-04 20:48:56,013	370540	com.autodesk.testinghub.core.common.tools.desktop.GUI	[TestNG-test=Test execution - ece-1]	*** 4 Aug, 2021 8:48:56 PM IST *** INFO: Waiting for page to load completely
INFO	2021-08-04 20:49:11,027	385554	com.autodesk.testinghub.core.common.tools.desktop.GUI	[TestNG-test=Test execution - ece-1]	*** 4 Aug, 2021 8:49:11 PM IST *** INFO: ------------- Step 3 Check order Number is Null----------------
 URL :            https://checkout-pt.autodesk.com/en-US

 Page Title :     Cart

-----------------------------
INFO	2021-08-04 20:49:11,027	385554	com.autodesk.testinghub.core.common.tools.desktop.GUI	[TestNG-test=Test execution - ece-1]	*** 4 Aug, 2021 8:49:11 PM IST *** INFO: Waiting for page to load completely
INFO	2021-08-04 20:49:46,048	420575	com.autodesk.testinghub.core.common.tools.desktop.GUI	[TestNG-test=Test execution - ece-1]	*** 4 Aug, 2021 8:49:46 PM IST *** Great! Export Compliance issue is not present
INFO	2021-08-04 20:50:06,054	440581	com.autodesk.testinghub.core.common.tools.desktop.GUI	[TestNG-test=Test execution - ece-1]	*** 4 Aug, 2021 8:50:06 PM IST *** Great! Export Compliance issue is not present
INFO	2021-08-04 20:50:06,060	440587	com.autodesk.testinghub.core.common.tools.desktop.GUI	[TestNG-test=Test execution - ece-1]	*** 4 Aug, 2021 8:50:06 PM IST *** INFO: ------------- Step 3a Check order Number is Null----------------
 URL :            https://checkout-pt.autodesk.com/en-US

 Page Title :     Cart

-----------------------------
INFO	2021-08-04 20:50:26,099	460626	com.autodesk.testinghub.core.common.tools.desktop.GUI	[TestNG-test=Test execution - ece-1]	*** 4 Aug, 2021 8:50:26 PM IST *** INFO: ------------- Step 4 Check order Number is Null----------------
 URL :            https://checkout-pt.autodesk.com/en-US

 Page Title :     Cart

-----------------------------
INFO	2021-08-04 20:50:26,103	460630	com.autodesk.testinghub.core.common.tools.desktop.GUI	[TestNG-test=Test execution - ece-1]	*** 4 Aug, 2021 8:50:26 PM IST *** INFO: ------------- Step 4a Check order Number is Null----------------
 URL :            https://checkout-pt.autodesk.com/en-US

 Page Title :     Cart

-----------------------------
INFO	2021-08-04 20:50:46,125	480652	com.autodesk.testinghub.core.common.tools.desktop.GUI	[TestNG-test=Test execution - ece-1]	*** 4 Aug, 2021 8:50:46 PM IST *** INFO: ------------- Step 5 Check order Number is Null----------------
 URL :            https://checkout-pt.autodesk.com/en-US

 Page Title :     Cart

-----------------------------
INFO	2021-08-04 20:50:46,129	480656	com.autodesk.testinghub.core.common.tools.desktop.GUI	[TestNG-test=Test execution - ece-1]	*** 4 Aug, 2021 8:50:46 PM IST *** INFO: ------------- Step 6 Assert order Number is Null----------------
 URL :            https://checkout-pt.autodesk.com/en-US

 Page Title :     Cart

-----------------------------
INFO	2021-08-04 20:51:06,156	500683	com.autodesk.testinghub.core.common.tools.desktop.GUI	[TestNG-test=Test execution - ece-1]	*** 4 Aug, 2021 8:51:06 PM IST *** INFO: ------------- Step 7 Assert order Number is Null----------------
 URL :            https://checkout-pt.autodesk.com/en-US

 Page Title :     Cart

-----------------------------
INFO	2021-08-04 20:51:06,157	500684	com.autodesk.testinghub.core.common.tools.desktop.GUI	[TestNG-test=Test execution - ece-1]	

TEST FAILED! Reason:  
INFO	2021-08-04 20:51:06,157	500684	com.autodesk.testinghub.core.common.tools.desktop.GUI	[TestNG-test=Test execution - ece-1]		Error while fetching Order Number from Cart


INFO	2021-08-04 20:51:06,159	500686	com.autodesk.testinghub.core.common.tools.desktop.GUI	[TestNG-test=Test execution - ece-1]	*** 4 Aug, 2021 8:51:06 PM IST *** INFO: Asserting: 
INFO	2021-08-04 20:51:06,159	500686	com.autodesk.testinghub.core.common.tools.desktop.GUI	[TestNG-test=Test execution - ece-1]	*** 4 Aug, 2021 8:51:06 PM IST *** ERROR: Fail: Unable to place BIC order
INFO	2021-08-04 20:51:06,161	500688	com.autodesk.testinghub.core.common.tools.desktop.GUI	[TestNG-test=Test execution - ece-1]	
Step Completed: Guac: Place Order  @testingHub:failed

INFO	2021-08-04 20:51:06,161	500688	com.autodesk.testinghub.core.common.tools.desktop.GUI	[TestNG-test=Test execution - ece-1]	
Updating testinghub the status of step: Guac: Place Order

INFO	2021-08-04 20:51:06,161	500688	com.autodesk.testinghub.core.common.tools.desktop.GUI	[TestNG-test=Test execution - ece-1]	{"data":[],"validations":[{"validation":"Guac: Place Order","status":"failed"}],"message":"Job execution in progress","transactionid":"3fbae865-07fc-4b3b-b062-449135159994","status":"in-progress"}
INFO	2021-08-04 20:51:08,017	502544	com.autodesk.testinghub.core.common.tools.desktop.GUI	[TestNG-test=Test execution - ece-1]	inserting data....in testinghub
INFO	2021-08-04 20:51:08,017	502544	com.autodesk.testinghub.core.common.tools.desktop.GUI	[TestNG-test=Test execution - ece-1]	{"data":[],"validations":[],"message":"Unable to place BIC order","transactionid":"3fbae865-07fc-4b3b-b062-449135159994","status":"failed"}
INFO	2021-08-04 20:51:09,988	504515	com.autodesk.testinghub.core.common.tools.desktop.GUI	[main]	*** 4 Aug, 2021 8:51:09 PM IST *** INFO: Closing Webdriver after the end of the test
INFO	2021-08-04 20:51:10,230	504757	com.autodesk.testinghub.core.common.tools.desktop.GUI	[main]	*** 4 Aug, 2021 8:51:10 PM IST *** INFO: Closing tibco database connection
INFO	2021-08-04 20:54:52,033	0	com.autodesk.testinghub.core.utils.Util	[main]	*** 4 Aug, 2021 8:54:52 PM IST *** INFO: Missing the configuration.yml under Configuration folder. Hence reading testconfiguration from system variable
INFO	2021-08-04 20:54:52,033	0	com.autodesk.testinghub.core.utils.Util	[main]	*** 4 Aug, 2021 8:54:52 PM IST *** INFO: Browser value is missing in configuration.yml or system variable. Default brower is "chrome"
INFO	2021-08-04 20:54:52,033	0	com.autodesk.testinghub.core.utils.Util	[main]	*** 4 Aug, 2021 8:54:52 PM IST *** INFO: package value is missing in configuration.yml or system variable. 
INFO	2021-08-04 20:54:52,375	342	com.autodesk.testinghub.core.common.EISTestBase	[main]	Mac Platform 
INFO	2021-08-04 20:54:52,376	343	com.autodesk.testinghub.core.common.EISTestBase	[main]	The user dir : /Users/santoshkumarjalagari/ece-ee-automation/ece
INFO	2021-08-04 20:55:02,279	10246	com.autodesk.testinghub.core.common.tools.desktop.GUI	[main]	*** 4 Aug, 2021 8:55:02 PM IST *** INFO: Tibco connection set up successful. from core
INFO	2021-08-04 20:55:02,307	10274	com.autodesk.testinghub.core.common.tools.desktop.GUI	[main]	*** 4 Aug, 2021 8:55:02 PM IST *** INFO: SFDCTestBase from core
INFO	2021-08-04 20:55:02,363	10330	com.autodesk.testinghub.core.common.tools.desktop.GUI	[main]	*** 4 Aug, 2021 8:55:02 PM IST *** WARNING: Test property file was not specified or testManifest is missing the entry of the test properties file
INFO	2021-08-04 20:55:02,548	10515	com.autodesk.testinghub.core.common.tools.desktop.GUI	[main]	*** 4 Aug, 2021 8:55:02 PM IST *** INFO: SAPTestBase from core
INFO	2021-08-04 20:55:02,610	10577	com.autodesk.testinghub.core.sap.SAPDriver	[main]	*** 4 Aug, 2021 8:55:02 PM IST *** INFO: SAP Config Location: C:\TestingHub\SAPConfig/
INFO	2021-08-04 20:55:02,610	10577	com.autodesk.testinghub.core.sap.SAPDriver	[main]	*** 4 Aug, 2021 8:55:02 PM IST *** INFO: SAP executable file location: C:\Program Files (x86)\SAP\FrontEnd\SAPgui\saplogon.exe
INFO	2021-08-04 20:55:02,651	10618	com.autodesk.testinghub.core.sap.SAPGUIDriver	[main]	*** 4 Aug, 2021 8:55:02 PM IST *** INFO: SOAPTestBase from core
INFO	2021-08-04 20:55:02,678	10645	com.autodesk.testinghub.core.common.tools.desktop.GUI	[main]	*** 4 Aug, 2021 8:55:02 PM IST *** INFO: BICTestBase from core
INFO	2021-08-04 20:55:02,715	10682	com.autodesk.testinghub.core.common.tools.desktop.GUI	[main]	*** 4 Aug, 2021 8:55:02 PM IST *** WARNING: Test property file was not specified or testManifest is missing the entry of the test properties file
INFO	2021-08-04 20:55:02,758	10725	com.autodesk.testinghub.core.common.tools.desktop.GUI	[main]	*** 4 Aug, 2021 8:55:02 PM IST *** INFO: PelicanTestBase from core
INFO	2021-08-04 20:55:02,761	10728	com.autodesk.testinghub.core.common.tools.desktop.GUI	[main]	*** 4 Aug, 2021 8:55:02 PM IST *** INFO: HerokuTestBase from core
INFO	2021-08-04 20:55:02,798	10765	com.autodesk.testinghub.core.common.tools.desktop.GUI	[main]	*** 4 Aug, 2021 8:55:02 PM IST *** INFO: LemTestBase from core
INFO	2021-08-04 20:55:02,906	10873	com.autodesk.testinghub.core.common.listeners.TestingHubAPIClient	[TestNG-test=Test execution - ece-1]	inserting data....in testinghub
INFO	2021-08-04 20:55:02,909	10876	com.autodesk.testinghub.core.common.listeners.TestingHubAPIClient	[TestNG-test=Test execution - ece-1]	{"data":[],"validations":[],"message":"Job started","transactionid":"3fbae865-07fc-4b3b-b062-449135159994","status":"in-progress"}
INFO	2021-08-04 20:55:06,616	14583	com.autodesk.testinghub.core.common.listeners.TestingHubAPIClient	[TestNG-test=Test execution - ece-1]	*** 4 Aug, 2021 8:55:06 PM IST *** INFO: Gathering payment details...
INFO	2021-08-04 20:55:06,617	14584	com.autodesk.testinghub.core.common.listeners.TestingHubAPIClient	[TestNG-test=Test execution - ece-1]	*** 4 Aug, 2021 8:55:06 PM IST *** INFO: BICTestBase from core
INFO	2021-08-04 20:55:06,629	14596	com.autodesk.testinghub.core.common.tools.desktop.GUI	[TestNG-test=Test execution - ece-1]	
----- Executing Step -----: Guac: Place Order  @testingHub

INFO	2021-08-04 20:55:06,629	14596	com.autodesk.testinghub.core.common.tools.desktop.GUI	[TestNG-test=Test execution - ece-1]	
Updating testinghub for step: Guac: Place Order

INFO	2021-08-04 20:55:06,629	14596	com.autodesk.testinghub.core.common.tools.desktop.GUI	[TestNG-test=Test execution - ece-1]	{"data":[],"validations":[{"validation":"Guac: Place Order","status":"in-progress"}],"message":"Job execution in progress","transactionid":"3fbae865-07fc-4b3b-b062-449135159994","status":"in-progress"}
INFO	2021-08-04 20:55:08,657	16624	com.autodesk.testinghub.core.common.tools.desktop.GUI	[TestNG-test=Test execution - ece-1]	
----- Executing Step -----: Generate email id

INFO	2021-08-04 20:55:08,659	16626	com.autodesk.testinghub.core.common.tools.desktop.GUI	[TestNG-test=Test execution - ece-1]	
Step Completed: Generate email id:passed

INFO	2021-08-04 20:55:14,748	22715	com.autodesk.testinghub.core.common.tools.desktop.GUI	[TestNG-test=Test execution - ece-1]	*** 4 Aug, 2021 8:55:14 PM IST *** INFO: Waiting for page to load completely
INFO	2021-08-04 20:55:29,757	37724	com.autodesk.testinghub.core.common.tools.desktop.GUI	[TestNG-test=Test execution - ece-1]	*** 4 Aug, 2021 8:55:29 PM IST *** INFO: Checking Cart page error...
INFO	2021-08-04 20:56:09,793	77760	com.autodesk.testinghub.core.common.tools.desktop.GUI	[TestNG-test=Test execution - ece-1]	*** 4 Aug, 2021 8:56:09 PM IST *** INFO: No error on cart page while navigating...
INFO	2021-08-04 20:56:09,793	77760	com.autodesk.testinghub.core.common.tools.desktop.GUI	[TestNG-test=Test execution - ece-1]	
----- Executing Step -----: get billing address

INFO	2021-08-04 20:56:09,794	77761	com.autodesk.testinghub.core.common.tools.desktop.GUI	[TestNG-test=Test execution - ece-1]	
Step Completed: get billing address:passed

INFO	2021-08-04 20:57:09,809	137776	com.autodesk.testinghub.core.common.tools.desktop.GUI	[TestNG-test=Test execution - ece-1]	*** 4 Aug, 2021 8:57:09 PM IST *** INFO: Cookies accept box does not appear on the page...
INFO	2021-08-04 20:57:10,172	138139	com.autodesk.testinghub.core.common.tools.desktop.GUI	[TestNG-test=Test execution - ece-1]	*** 4 Aug, 2021 8:57:10 PM IST *** INFO: Clicked on Stay On US page link...
INFO	2021-08-04 20:57:10,172	138139	com.autodesk.testinghub.core.common.tools.desktop.GUI	[TestNG-test=Test execution - ece-1]	*** 4 Aug, 2021 8:57:10 PM IST *** INFO: firstName :: FNiEpvZs
INFO	2021-08-04 20:57:10,172	138139	com.autodesk.testinghub.core.common.tools.desktop.GUI	[TestNG-test=Test execution - ece-1]	*** 4 Aug, 2021 8:57:10 PM IST *** INFO: lastName :: LNiEpvZs
INFO	2021-08-04 20:57:10,172	138139	com.autodesk.testinghub.core.common.tools.desktop.GUI	[TestNG-test=Test execution - ece-1]	
----- Executing Step -----: Create BIC account

INFO	2021-08-04 20:57:10,200	138167	com.autodesk.testinghub.core.common.tools.desktop.GUI	[TestNG-test=Test execution - ece-1]	*** 4 Aug, 2021 8:57:10 PM IST *** INFO: Url is loaded and we were able to switch to iFrame
INFO	2021-08-04 20:57:16,402	144369	com.autodesk.testinghub.core.common.tools.desktop.GUI	[TestNG-test=Test execution - ece-1]	Enter value in edit field 'firstname_str':
INFO	2021-08-04 20:57:17,036	145003	com.autodesk.testinghub.core.common.tools.desktop.GUI	[TestNG-test=Test execution - ece-1]	Enter value in edit field 'firstname_str':FNiEpvZs
INFO	2021-08-04 20:57:17,745	145712	com.autodesk.testinghub.core.common.tools.desktop.GUI	[TestNG-test=Test execution - ece-1]	Enter value in edit field 'lastname_str':LNiEpvZs
INFO	2021-08-04 20:57:18,383	146350	com.autodesk.testinghub.core.common.tools.desktop.GUI	[TestNG-test=Test execution - ece-1]	Enter value in edit field 'email_str':thubnameriqodgjxnkkeo@letscheck.pw
INFO	2021-08-04 20:57:19,070	147037	com.autodesk.testinghub.core.common.tools.desktop.GUI	[TestNG-test=Test execution - ece-1]	Enter value in edit field 'confirm_email_str':thubnameriqodgjxnkkeo@letscheck.pw
INFO	2021-08-04 20:57:19,701	147668	com.autodesk.testinghub.core.common.tools.desktop.GUI	[TestNG-test=Test execution - ece-1]	Enter value in edit field 'password':********...
INFO	2021-08-04 20:57:20,247	148214	com.autodesk.testinghub.core.common.tools.desktop.GUI	[TestNG-test=Test execution - ece-1]	*** 4 Aug, 2021 8:57:20 PM IST *** INFO:  Checked bic_Agree is visible - true
INFO	2021-08-04 20:57:20,272	148239	com.autodesk.testinghub.core.common.tools.desktop.GUI	[TestNG-test=Test execution - ece-1]	*** 4 Aug, 2021 8:57:20 PM IST *** INFO:  Checked box status for bic_Agree - false
INFO	2021-08-04 20:57:32,403	160370	com.autodesk.testinghub.core.common.tools.desktop.GUI	[TestNG-test=Test execution - ece-1]	*** 4 Aug, 2021 8:57:32 PM IST *** INFO: Option checkbox is already selected..
INFO	2021-08-04 20:57:56,437	184404	com.autodesk.testinghub.core.common.tools.desktop.GUI	[TestNG-test=Test execution - ece-1]	*** 4 Aug, 2021 8:57:56 PM IST *** INFO: Successfully clicked on Create user button
INFO	2021-08-04 20:57:56,464	184431	com.autodesk.testinghub.core.common.tools.desktop.GUI	[TestNG-test=Test execution - ece-1]	*** 4 Aug, 2021 8:57:56 PM IST *** INFO: Created account successfully
INFO	2021-08-04 20:57:56,467	184434	com.autodesk.testinghub.core.common.tools.desktop.GUI	[TestNG-test=Test execution - ece-1]	
Step Completed: Create BIC account:passed

INFO	2021-08-04 20:57:56,472	184439	com.autodesk.testinghub.core.common.tools.desktop.GUI	[TestNG-test=Test execution - ece-1]	*** 4 Aug, 2021 8:57:56 PM IST *** INFO: -------------Entire Payment details----------------
 URL :            https://checkout-pt.autodesk.com/en-US

 Page Title :     Cart

-----------------------------
INFO	2021-08-04 20:57:56,472	184439	com.autodesk.testinghub.core.common.tools.desktop.GUI	[TestNG-test=Test execution - ece-1]	*** 4 Aug, 2021 8:57:56 PM IST *** INFO: Selecting payment profile : VISA
INFO	2021-08-04 20:57:56,472	184439	com.autodesk.testinghub.core.common.tools.desktop.GUI	[TestNG-test=Test execution - ece-1]	
----- Executing Step -----: Populate payment details

INFO	2021-08-04 20:57:56,538	184505	com.autodesk.testinghub.core.common.tools.desktop.GUI	[TestNG-test=Test execution - ece-1]	*** 4 Aug, 2021 8:57:56 PM IST *** INFO: Entering card number : 4000020000000000
INFO	2021-08-04 20:58:06,181	194148	com.autodesk.testinghub.core.common.tools.desktop.GUI	[TestNG-test=Test execution - ece-1]	*** 4 Aug, 2021 8:58:06 PM IST *** INFO: Entering Expiry date : 03 - Mar/30
INFO	2021-08-04 20:58:15,557	203524	com.autodesk.testinghub.core.common.tools.desktop.GUI	[TestNG-test=Test execution - ece-1]	*** 4 Aug, 2021 8:58:15 PM IST *** INFO: Entering seciruty code : 737
INFO	2021-08-04 20:58:42,823	230790	com.autodesk.testinghub.core.common.tools.desktop.GUI	[TestNG-test=Test execution - ece-1]	
Step Completed: Populate payment details:passed

INFO	2021-08-04 20:58:42,833	230800	com.autodesk.testinghub.core.common.tools.desktop.GUI	[TestNG-test=Test execution - ece-1]	*** 4 Aug, 2021 8:58:42 PM IST *** INFO: -------------Entire billing details----------------
 URL :            https://checkout-pt.autodesk.com/en-US

 Page Title :     Cart

-----------------------------
INFO	2021-08-04 20:58:42,833	230800	com.autodesk.testinghub.core.common.tools.desktop.GUI	[TestNG-test=Test execution - ece-1]	
----- Executing Step -----: Populate billing address

INFO	2021-08-04 20:58:51,209	239176	com.autodesk.testinghub.core.common.tools.desktop.GUI	[TestNG-test=Test execution - ece-1]	*** 4 Aug, 2021 8:58:51 PM IST *** INFO: Adding billing details...
INFO	2021-08-04 20:59:02,357	250324	com.autodesk.testinghub.core.common.tools.desktop.GUI	[TestNG-test=Test execution - ece-1]	*** 4 Aug, 2021 8:59:02 PM IST *** INFO: Clicking on Save button...
INFO	2021-08-04 20:59:02,571	250538	com.autodesk.testinghub.core.common.tools.desktop.GUI	[TestNG-test=Test execution - ece-1]	*** 4 Aug, 2021 8:59:02 PM IST *** INFO: Waiting for page to load completely
INFO	2021-08-04 20:59:17,575	265542	com.autodesk.testinghub.core.common.tools.desktop.GUI	[TestNG-test=Test execution - ece-1]	
Step Completed: Populate billing address:passed

INFO	2021-08-04 20:59:17,594	265561	com.autodesk.testinghub.core.common.tools.desktop.GUI	[TestNG-test=Test execution - ece-1]	*** 4 Aug, 2021 8:59:17 PM IST *** INFO: -------------After entering billing details----------------
 URL :            https://checkout-pt.autodesk.com/en-US

 Page Title :     Cart

-----------------------------
INFO	2021-08-04 20:59:17,599	265566	com.autodesk.testinghub.core.common.tools.desktop.GUI	[TestNG-test=Test execution - ece-1]	*** 4 Aug, 2021 8:59:17 PM IST *** INFO: ------------- Step 1 wait for SubmitOrderButton----------------
 URL :            https://checkout-pt.autodesk.com/en-US

 Page Title :     Cart

-----------------------------
INFO	2021-08-04 20:59:17,616	265583	com.autodesk.testinghub.core.common.tools.desktop.GUI	[TestNG-test=Test execution - ece-1]	*** 4 Aug, 2021 8:59:17 PM IST *** INFO: ------------- Step 2 wait for SubmitOrderButton----------------
 URL :            https://checkout-pt.autodesk.com/en-US

 Page Title :     Cart

-----------------------------
INFO	2021-08-04 20:59:37,638	285605	com.autodesk.testinghub.core.common.tools.desktop.GUI	[TestNG-test=Test execution - ece-1]	*** 4 Aug, 2021 8:59:37 PM IST *** CONTINUE_CHECKOUT_Modal  is not present
INFO	2021-08-04 20:59:48,508	296475	com.autodesk.testinghub.core.common.tools.desktop.GUI	[TestNG-test=Test execution - ece-1]	*** 4 Aug, 2021 8:59:48 PM IST *** INFO: Waiting for page to load completely
INFO	2021-08-04 21:00:03,520	311487	com.autodesk.testinghub.core.common.tools.desktop.GUI	[TestNG-test=Test execution - ece-1]	*** 4 Aug, 2021 9:00:03 PM IST *** INFO: ------------- Step 3 Check order Number is Null----------------
 URL :            https://checkout-pt.autodesk.com/en-US

 Page Title :     Cart

-----------------------------
INFO	2021-08-04 21:00:03,520	311487	com.autodesk.testinghub.core.common.tools.desktop.GUI	[TestNG-test=Test execution - ece-1]	*** 4 Aug, 2021 9:00:03 PM IST *** INFO: Waiting for page to load completely
INFO	2021-08-04 21:00:38,556	346523	com.autodesk.testinghub.core.common.tools.desktop.GUI	[TestNG-test=Test execution - ece-1]	*** 4 Aug, 2021 9:00:38 PM IST *** Great! Export Compliance issue is not present
INFO	2021-08-04 21:00:58,595	366562	com.autodesk.testinghub.core.common.tools.desktop.GUI	[TestNG-test=Test execution - ece-1]	*** 4 Aug, 2021 9:00:58 PM IST *** Great! Export Compliance issue is not present
INFO	2021-08-04 21:00:58,601	366568	com.autodesk.testinghub.core.common.tools.desktop.GUI	[TestNG-test=Test execution - ece-1]	*** 4 Aug, 2021 9:00:58 PM IST *** INFO: ------------- Step 3a Check order Number is Null----------------
 URL :            https://checkout-pt.autodesk.com/en-US

 Page Title :     Cart

-----------------------------
INFO	2021-08-04 21:01:18,622	386589	com.autodesk.testinghub.core.common.tools.desktop.GUI	[TestNG-test=Test execution - ece-1]	*** 4 Aug, 2021 9:01:18 PM IST *** INFO: ------------- Step 4 Check order Number is Null----------------
 URL :            https://checkout-pt.autodesk.com/en-US

 Page Title :     Cart

-----------------------------
INFO	2021-08-04 21:01:18,627	386594	com.autodesk.testinghub.core.common.tools.desktop.GUI	[TestNG-test=Test execution - ece-1]	*** 4 Aug, 2021 9:01:18 PM IST *** INFO: ------------- Step 4a Check order Number is Null----------------
 URL :            https://checkout-pt.autodesk.com/en-US

 Page Title :     Cart

-----------------------------
INFO	2021-08-04 21:01:38,658	406625	com.autodesk.testinghub.core.common.tools.desktop.GUI	[TestNG-test=Test execution - ece-1]	*** 4 Aug, 2021 9:01:38 PM IST *** INFO: ------------- Step 5 Check order Number is Null----------------
 URL :            https://checkout-pt.autodesk.com/en-US

 Page Title :     Cart

-----------------------------
INFO	2021-08-04 21:01:38,662	406629	com.autodesk.testinghub.core.common.tools.desktop.GUI	[TestNG-test=Test execution - ece-1]	*** 4 Aug, 2021 9:01:38 PM IST *** INFO: ------------- Step 6 Assert order Number is Null----------------
 URL :            https://checkout-pt.autodesk.com/en-US

 Page Title :     Cart

-----------------------------
INFO	2021-08-04 21:01:58,707	426674	com.autodesk.testinghub.core.common.tools.desktop.GUI	[TestNG-test=Test execution - ece-1]	*** 4 Aug, 2021 9:01:58 PM IST *** INFO: ------------- Step 7 Assert order Number is Null----------------
 URL :            https://checkout-pt.autodesk.com/en-US

 Page Title :     Cart

-----------------------------
INFO	2021-08-04 21:01:58,708	426675	com.autodesk.testinghub.core.common.tools.desktop.GUI	[TestNG-test=Test execution - ece-1]	

TEST FAILED! Reason:  
INFO	2021-08-04 21:01:58,708	426675	com.autodesk.testinghub.core.common.tools.desktop.GUI	[TestNG-test=Test execution - ece-1]		Error while fetching Order Number from Cart


INFO	2021-08-04 21:01:58,712	426679	com.autodesk.testinghub.core.common.tools.desktop.GUI	[TestNG-test=Test execution - ece-1]	*** 4 Aug, 2021 9:01:58 PM IST *** INFO: Asserting: 
INFO	2021-08-04 21:01:58,713	426680	com.autodesk.testinghub.core.common.tools.desktop.GUI	[TestNG-test=Test execution - ece-1]	*** 4 Aug, 2021 9:01:58 PM IST *** ERROR: Fail: Unable to place BIC order
INFO	2021-08-04 21:01:58,716	426683	com.autodesk.testinghub.core.common.tools.desktop.GUI	[TestNG-test=Test execution - ece-1]	
Step Completed: Guac: Place Order  @testingHub:failed

INFO	2021-08-04 21:01:58,716	426683	com.autodesk.testinghub.core.common.tools.desktop.GUI	[TestNG-test=Test execution - ece-1]	
Updating testinghub the status of step: Guac: Place Order

INFO	2021-08-04 21:01:58,717	426684	com.autodesk.testinghub.core.common.tools.desktop.GUI	[TestNG-test=Test execution - ece-1]	{"data":[],"validations":[{"validation":"Guac: Place Order","status":"failed"}],"message":"Job execution in progress","transactionid":"3fbae865-07fc-4b3b-b062-449135159994","status":"in-progress"}
INFO	2021-08-04 21:02:03,437	431404	com.autodesk.testinghub.core.common.tools.desktop.GUI	[TestNG-test=Test execution - ece-1]	inserting data....in testinghub
INFO	2021-08-04 21:02:03,438	431405	com.autodesk.testinghub.core.common.tools.desktop.GUI	[TestNG-test=Test execution - ece-1]	{"data":[],"validations":[],"message":"Unable to place BIC order","transactionid":"3fbae865-07fc-4b3b-b062-449135159994","status":"failed"}
INFO	2021-08-04 21:02:05,491	433458	com.autodesk.testinghub.core.common.tools.desktop.GUI	[main]	*** 4 Aug, 2021 9:02:05 PM IST *** INFO: Closing Webdriver after the end of the test
INFO	2021-08-04 21:02:05,995	433962	com.autodesk.testinghub.core.common.tools.desktop.GUI	[main]	*** 4 Aug, 2021 9:02:05 PM IST *** INFO: Closing tibco database connection
